<?xml version="1.0" encoding="UTF-8"?>
<!-- Generated by org.testng.reporters.JUnitXMLReporter -->
<testsuite ignored="14" hostname="PANBANDA-T480" failures="1" tests="5" name="Automation Test Cases" time="4.257" errors="0" timestamp="2022-03-18T15:54:47 IST">
  <testcase classname="api.com.tests.apitestscript" name="validateGetUsersResponseBody" time="3.978"/>
  <testcase classname="api.com.tests.apitestscript" name="validateGetUsersSupportUrlResponseBody" time="0.156"/>
  <testcase classname="api.com.tests.apitestscript" name="validateStatusCodeGetUserwithqueryparam" time="0.039">
    <skipped/>
  </testcase> <!-- validateStatusCodeGetUserwithqueryparam -->
  <testcase classname="api.com.tests.apitestscript" name="validateStatusCodeGetUserwithqueryparam" time="0.008">
    <skipped/>
  </testcase> <!-- validateStatusCodeGetUserwithqueryparam -->
  <testcase classname="api.com.tests.apitestscript" name="validateStatusCodeGetUserwithqueryparam" time="0.005">
    <failure type="java.lang.IllegalArgumentException" message="path cannot be null">
      <![CDATA[java.lang.IllegalArgumentException: path cannot be null
at org.codehaus.groovy.runtime.callsite.ConstructorSite$ConstructorSiteNoUnwrap.callConstructor(ConstructorSite.java:84)
at org.codehaus.groovy.runtime.callsite.AbstractCallSite.callConstructor(AbstractCallSite.java:247)
at io.restassured.internal.assertion.AssertParameter.notNull(AssertParameter.groovy:26)
at io.restassured.internal.assertion.AssertParameter$notNull.callStatic(Unknown Source)
at io.restassured.internal.RequestSpecificationImpl.applyPathParamsAndSendRequest(RequestSpecificationImpl.groovy:1679)
at groovy.lang.MetaMethod.doMethodInvoke(MetaMethod.java:325)
at groovy.lang.MetaClassImpl.invokeMethod(MetaClassImpl.java:1213)
at groovy.lang.MetaClassImpl.invokeMethod(MetaClassImpl.java:1022)
at groovy.lang.MetaClassImpl.invokeMethod(MetaClassImpl.java:810)
at io.restassured.internal.RequestSpecificationImpl.invokeMethod(RequestSpecificationImpl.groovy)
at org.codehaus.groovy.runtime.callsite.PogoInterceptableSite.call(PogoInterceptableSite.java:48)
at org.codehaus.groovy.runtime.callsite.PogoInterceptableSite.callCurrent(PogoInterceptableSite.java:58)
at org.codehaus.groovy.runtime.callsite.AbstractCallSite.callCurrent(AbstractCallSite.java:182)
at io.restassured.internal.RequestSpecificationImpl.applyPathParamsAndSendRequest(RequestSpecificationImpl.groovy:1737)
at groovy.lang.MetaMethod.doMethodInvoke(MetaMethod.java:325)
at groovy.lang.MetaClassImpl.invokeMethod(MetaClassImpl.java:1213)
at groovy.lang.MetaClassImpl.invokeMethod(MetaClassImpl.java:1022)
at groovy.lang.MetaClassImpl.invokeMethod(MetaClassImpl.java:810)
at io.restassured.internal.RequestSpecificationImpl.invokeMethod(RequestSpecificationImpl.groovy)
at org.codehaus.groovy.runtime.callsite.PogoInterceptableSite.call(PogoInterceptableSite.java:48)
at org.codehaus.groovy.runtime.callsite.PogoInterceptableSite.callCurrent(PogoInterceptableSite.java:58)
at org.codehaus.groovy.runtime.callsite.AbstractCallSite.callCurrent(AbstractCallSite.java:182)
at io.restassured.internal.RequestSpecificationImpl.get(RequestSpecificationImpl.groovy:170)
at io.restassured.internal.RequestSpecificationImpl.get(RequestSpecificationImpl.groovy)
at api.com.tests.apitestscript.validateStatusCodeGetUserwithqueryparam(apitestscript.java:74)
at java.base/java.util.ArrayList.forEach(ArrayList.java:1511)
... Removed 44 stack frames]]>
    </failure>
  </testcase> <!-- validateStatusCodeGetUserwithqueryparam -->
  <testcase classname="api.com.tests.apitestscript" name="validateStatusCodeGetUserforinvaliduri" time="0.0">
    <ignored/>
  </testcase> <!-- validateStatusCodeGetUserforinvaliduri -->
  <testcase classname="api.com.tests.apitestscript" name="validateResponseBodyGetOAuth2withHeader" time="0.0">
    <ignored/>
  </testcase> <!-- validateResponseBodyGetOAuth2withHeader -->
  <testcase classname="api.com.tests.apitestscript" name="validateResponseBodyPojoComplexRequest" time="0.0">
    <ignored/>
  </testcase> <!-- validateResponseBodyPojoComplexRequest -->
  <testcase classname="api.com.tests.apitestscript" name="validateResponseBodyPojoRequest" time="0.0">
    <ignored/>
  </testcase> <!-- validateResponseBodyPojoRequest -->
  <testcase classname="api.com.tests.apitestscript" name="validateResponseBodyDigestAuth" time="0.0">
    <ignored/>
  </testcase> <!-- validateResponseBodyDigestAuth -->
  <testcase classname="api.com.tests.apitestscript" name="validateResponseBodyGetHeader" time="0.0">
    <ignored/>
  </testcase> <!-- validateResponseBodyGetHeader -->
  <testcase classname="api.com.tests.apitestscript" name="validateResponseBodyPostPojoRequest" time="0.0">
    <ignored/>
  </testcase> <!-- validateResponseBodyPostPojoRequest -->
  <testcase classname="api.com.tests.apitestscript" name="validateResponseBodyGetOAuth2Auth" time="0.0">
    <ignored/>
  </testcase> <!-- validateResponseBodyGetOAuth2Auth -->
  <testcase classname="api.com.tests.apitestscript" name="validateResponseBodyGetPathParam" time="0.0">
    <ignored/>
  </testcase> <!-- validateResponseBodyGetPathParam -->
  <testcase classname="api.com.tests.apitestscript" name="validateResponseBodyGetOAuth1Auth" time="0.0">
    <ignored/>
  </testcase> <!-- validateResponseBodyGetOAuth1Auth -->
  <testcase classname="api.com.tests.apitestscript" name="validateGetUsersEmailResponseBody" time="0.0">
    <ignored/>
  </testcase> <!-- validateGetUsersEmailResponseBody -->
  <testcase classname="api.com.tests.apitestscript" name="validateStatusCodeGetUser" time="0.0">
    <ignored/>
  </testcase> <!-- validateStatusCodeGetUser -->
  <testcase classname="api.com.tests.apitestscript" name="validateStatusCodeGetUsers" time="0.0">
    <ignored/>
  </testcase> <!-- validateStatusCodeGetUsers -->
  <testcase classname="api.com.tests.apitestscript" name="validateResponseBodyBasicAuth" time="0.0">
    <ignored/>
  </testcase> <!-- validateResponseBodyBasicAuth -->
</testsuite> <!-- Automation Test Cases -->
