<?xml version="1.0" encoding="UTF-8"?>
<testng-results ignored="16" total="17" passed="1" failed="0" skipped="0">
  <reporter-output>
  </reporter-output>
  <suite started-at="2022-03-19T17:24:39 IST" name="Default suite" finished-at="2022-03-19T17:24:41 IST" duration-ms="2573">
    <groups>
      <group name="RegressionSuite">
        <method signature="apitestscript.validateStatusCodeGetUserwithqueryparam()[pri:0, instance:api.com.tests.apitestscript@c03cf28]" name="validateStatusCodeGetUserwithqueryparam" class="api.com.tests.apitestscript"/>
      </group> <!-- RegressionSuite -->
      <group name="SmokeSuite">
        <method signature="apitestscript.validateStatusCodeGetUserwithqueryparam()[pri:0, instance:api.com.tests.apitestscript@c03cf28]" name="validateStatusCodeGetUserwithqueryparam" class="api.com.tests.apitestscript"/>
      </group> <!-- SmokeSuite -->
    </groups>
    <test started-at="2022-03-19T17:24:39 IST" name="Default test" finished-at="2022-03-19T17:24:41 IST" duration-ms="2573">
      <class name="api.com.tests.apitestscript">
        <test-method is-config="true" signature="config(java.lang.String, java.lang.String)[pri:0, instance:api.com.tests.apitestscript@c03cf28]" started-at="2022-03-19T17:24:38 IST" name="config" finished-at="2022-03-19T17:24:39 IST" duration-ms="344" status="PASS">
          <params>
            <param index="0">
              <value>
                <![CDATA[optional name Automation]]>
              </value>
            </param>
            <param index="1">
              <value>
                <![CDATA[API Report]]>
              </value>
            </param>
          </params>
          <reporter-output>
          </reporter-output>
        </test-method> <!-- config -->
        <test-method is-config="true" signature="logBeforeMethod()[pri:0, instance:api.com.tests.apitestscript@c03cf28]" started-at="2022-03-19T17:24:39 IST" name="logBeforeMethod" finished-at="2022-03-19T17:24:39 IST" duration-ms="0" status="PASS">
          <reporter-output>
          </reporter-output>
        </test-method> <!-- logBeforeMethod -->
        <test-method signature="validateStatusCodeGetUserwithqueryparam()[pri:0, instance:api.com.tests.apitestscript@c03cf28]" started-at="2022-03-19T17:24:39 IST" name="validateStatusCodeGetUserwithqueryparam" description="validateStatusCodeGetUserwithqueryparam" finished-at="2022-03-19T17:24:41 IST" duration-ms="2524" status="PASS">
          <reporter-output>
          </reporter-output>
        </test-method> <!-- validateStatusCodeGetUserwithqueryparam -->
        <test-method is-config="true" signature="getResult(org.testng.ITestResult)[pri:0, instance:api.com.tests.apitestscript@c03cf28]" started-at="2022-03-19T17:24:41 IST" name="getResult" finished-at="2022-03-19T17:24:41 IST" duration-ms="7" status="PASS">
          <params>
            <param index="0">
              <value>
                <![CDATA[[TestResult name=validateStatusCodeGetUserwithqueryparam status=SUCCESS method=apitestscript.validateStatusCodeGetUserwithqueryparam()[pri:0, instance:api.com.tests.apitestscript@c03cf28] output={null}]]]>
              </value>
            </param>
          </params>
          <reporter-output>
          </reporter-output>
        </test-method> <!-- getResult -->
        <test-method is-config="true" signature="endReport()[pri:0, instance:api.com.tests.apitestscript@c03cf28]" started-at="2022-03-19T17:24:41 IST" name="endReport" finished-at="2022-03-19T17:24:41 IST" duration-ms="329" status="PASS">
          <reporter-output>
          </reporter-output>
        </test-method> <!-- endReport -->
      </class> <!-- api.com.tests.apitestscript -->
    </test> <!-- Default test -->
  </suite> <!-- Default suite -->
</testng-results>
