<?xml version="1.0" encoding="UTF-8"?>
<!-- Generated by org.testng.reporters.JUnitXMLReporter -->
<testsuite ignored="16" hostname="PANBANDA-T480" failures="0" tests="1" name="Default test" time="2.573" errors="0" timestamp="2022-03-19T17:24:41 IST">
  <testcase classname="api.com.tests.apitestscript" name="validateStatusCodeGetUserwithqueryparam" time="2.524"/>
  <testcase classname="api.com.tests.apitestscript" name="validateStatusCodeGetUserforinvaliduri" time="0.0">
    <ignored/>
  </testcase> <!-- validateStatusCodeGetUserforinvaliduri -->
  <testcase classname="api.com.tests.apitestscript" name="validateResponseBodyGetOAuth2withHeader" time="0.0">
    <ignored/>
  </testcase> <!-- validateResponseBodyGetOAuth2withHeader -->
  <testcase classname="api.com.tests.apitestscript" name="validateResponseBodyPojoComplexRequest" time="0.0">
    <ignored/>
  </testcase> <!-- validateResponseBodyPojoComplexRequest -->
  <testcase classname="api.com.tests.apitestscript" name="validateResponseBodyPojoRequest" time="0.0">
    <ignored/>
  </testcase> <!-- validateResponseBodyPojoRequest -->
  <testcase classname="api.com.tests.apitestscript" name="validateResponseBodyDigestAuth" time="0.0">
    <ignored/>
  </testcase> <!-- validateResponseBodyDigestAuth -->
  <testcase classname="api.com.tests.apitestscript" name="validateGetUsersResponseBody" time="0.0">
    <ignored/>
  </testcase> <!-- validateGetUsersResponseBody -->
  <testcase classname="api.com.tests.apitestscript" name="validateResponseBodyGetHeader" time="0.0">
    <ignored/>
  </testcase> <!-- validateResponseBodyGetHeader -->
  <testcase classname="api.com.tests.apitestscript" name="validateResponseBodyPostPojoRequest" time="0.0">
    <ignored/>
  </testcase> <!-- validateResponseBodyPostPojoRequest -->
  <testcase classname="api.com.tests.apitestscript" name="validateResponseBodyGetOAuth2Auth" time="0.0">
    <ignored/>
  </testcase> <!-- validateResponseBodyGetOAuth2Auth -->
  <testcase classname="api.com.tests.apitestscript" name="validateResponseBodyGetPathParam" time="0.0">
    <ignored/>
  </testcase> <!-- validateResponseBodyGetPathParam -->
  <testcase classname="api.com.tests.apitestscript" name="validateResponseBodyGetOAuth1Auth" time="0.0">
    <ignored/>
  </testcase> <!-- validateResponseBodyGetOAuth1Auth -->
  <testcase classname="api.com.tests.apitestscript" name="validateGetUsersEmailResponseBody" time="0.0">
    <ignored/>
  </testcase> <!-- validateGetUsersEmailResponseBody -->
  <testcase classname="api.com.tests.apitestscript" name="validateStatusCodeGetUser" time="0.0">
    <ignored/>
  </testcase> <!-- validateStatusCodeGetUser -->
  <testcase classname="api.com.tests.apitestscript" name="validateStatusCodeGetUsers" time="0.0">
    <ignored/>
  </testcase> <!-- validateStatusCodeGetUsers -->
  <testcase classname="api.com.tests.apitestscript" name="validateResponseBodyBasicAuth" time="0.0">
    <ignored/>
  </testcase> <!-- validateResponseBodyBasicAuth -->
  <testcase classname="api.com.tests.apitestscript" name="validateGetUsersSupportUrlResponseBody" time="0.0">
    <ignored/>
  </testcase> <!-- validateGetUsersSupportUrlResponseBody -->
</testsuite> <!-- Default test -->
